gyp info it worked if it ends with ok
gyp info using node-gyp@10.1.0
gyp info using node@22.2.0 | darwin | arm64
gyp info find Python using Python version 3.12.2 found at "/opt/homebrew/opt/python@3.12/bin/python3.12"
gyp http GET https://nodejs.org/download/release/v22.2.0/node-v22.2.0-headers.tar.gz
gyp http 200 https://nodejs.org/download/release/v22.2.0/node-v22.2.0-headers.tar.gz
gyp http GET https://nodejs.org/download/release/v22.2.0/SHASUMS256.txt
gyp http 200 https://nodejs.org/download/release/v22.2.0/SHASUMS256.txt
gyp info spawn /opt/homebrew/opt/python@3.12/bin/python3.12
gyp info spawn args [
gyp info spawn args '/opt/homebrew/lib/node_modules/npm/node_modules/node-gyp/gyp/gyp_main.py',
gyp info spawn args 'binding.gyp',
gyp info spawn args '-f',
gyp info spawn args 'make',
gyp info spawn args '-I',
gyp info spawn args '/Users/rachitsingh/Documents/Node/RestfullAPI/node_modules/mongo-client/node_modules/bson/build/config.gypi',
gyp info spawn args '-I',
gyp info spawn args '/opt/homebrew/lib/node_modules/npm/node_modules/node-gyp/addon.gypi',
gyp info spawn args '-I',
gyp info spawn args '/Users/rachitsingh/Library/Caches/node-gyp/22.2.0/include/node/common.gypi',
gyp info spawn args '-Dlibrary=shared_library',
gyp info spawn args '-Dvisibility=default',
gyp info spawn args '-Dnode_root_dir=/Users/rachitsingh/Library/Caches/node-gyp/22.2.0',
gyp info spawn args '-Dnode_gyp_dir=/opt/homebrew/lib/node_modules/npm/node_modules/node-gyp',
gyp info spawn args '-Dnode_lib_file=/Users/rachitsingh/Library/Caches/node-gyp/22.2.0/<(target_arch)/node.lib',
gyp info spawn args '-Dmodule_root_dir=/Users/rachitsingh/Documents/Node/RestfullAPI/node_modules/mongo-client/node_modules/bson',
gyp info spawn args '-Dnode_engine=v8',
gyp info spawn args '--depth=.',
gyp info spawn args '--no-parallel',
gyp info spawn args '--generator-output',
gyp info spawn args 'build',
gyp info spawn args '-Goutput_dir=.'
gyp info spawn args ]
gyp info spawn make
gyp info spawn args [ 'BUILDTYPE=Release', '-C', 'build' ]
In file included from ../ext/bson.cc:35:
../ext/bson.h:52:51: error: unknown type name 'Arguments'
        static Handle<Value> BSONDeserializeStream(const Arguments &args);
                                                         ^
../ext/bson.h:55:43: error: unknown type name 'Arguments'
        static Handle<Value> BSONSerialize(const Arguments &args);
                                                 ^
../ext/bson.h:56:45: error: unknown type name 'Arguments'
        static Handle<Value> BSONDeserialize(const Arguments &args);
                                                   ^
../ext/bson.h:59:49: error: unknown type name 'Arguments'
        static Handle<Value> CalculateObjectSize(const Arguments &args);
                                                       ^
../ext/bson.h:60:57: error: unknown type name 'Arguments'
        static Handle<Value> SerializeWithBufferAndIndex(const Arguments &args);
                                                               ^
../ext/bson.h:66:33: error: unknown type name 'Arguments'
        static Handle<Value> New(const Arguments &args);
                                       ^
../ext/bson.h:139:73: warning: 'sprintf' is deprecated: This function is provided for compatibility reasons only.  Due to security concerns inherent in the design of sprintf(3), it is highly recommended that you use snprintf(3) instead. [-Wdeprecated-declarations]
        void    WriteUInt32String(uint32_t name)                                                { char buffer[32]; count += sprintf(buffer, "%u", name) + 1; }
                                                                                                                            ^
/Library/Developer/CommandLineTools/SDKs/MacOSX.sdk/usr/include/stdio.h:180:1: note: 'sprintf' has been explicitly marked deprecated here
__deprecated_msg("This function is provided for compatibility reasons only.  Due to security concerns inherent in the design of sprintf(3), it is highly recommended that you use snprintf(3) instead.")
^
/Library/Developer/CommandLineTools/SDKs/MacOSX.sdk/usr/include/sys/cdefs.h:218:48: note: expanded from macro '__deprecated_msg'
        #define __deprecated_msg(_msg) __attribute__((__deprecated__(_msg)))
                                                      ^
In file included from ../ext/bson.cc:35:
../ext/bson.h:140:90: error: too few arguments to function call, single argument 'isolate' was not specified
        void    WriteLengthPrefixedString(const Local<String>& value)   { count += value->Utf8Length()+5; }
                                                                                   ~~~~~~~~~~~~~~~~~ ^
/Users/rachitsingh/Library/Caches/node-gyp/22.2.0/include/node/v8-primitive.h:143:7: note: 'Utf8Length' declared here
  int Utf8Length(Isolate* isolate) const;
      ^
In file included from ../ext/bson.cc:35:
../ext/bson.h:142:80: error: too few arguments to function call, single argument 'isolate' was not specified
        void    WriteString(const Local<String>& value)                                 { count += value->Utf8Length() + 1; }   // This returns the number of bytes exclusive of the NULL terminator
                                                                                                   ~~~~~~~~~~~~~~~~~ ^
/Users/rachitsingh/Library/Caches/node-gyp/22.2.0/include/node/v8-primitive.h:143:7: note: 'Utf8Length' declared here
  int Utf8Length(Isolate* isolate) const;
      ^
In file included from ../ext/bson.cc:35:
../ext/bson.h:165:91: error: no matching member function for call to 'Get'
        void    WriteByte(const Handle<Object>& object, const Handle<String>& key)      { *p++ = object->Get(key)->Int32Value(); }
                                                                                                 ~~~~~~~~^~~
/Users/rachitsingh/Library/Caches/node-gyp/22.2.0/include/node/v8-object.h:295:43: note: candidate function not viable: requires 2 arguments, but 1 was provided
  V8_WARN_UNUSED_RESULT MaybeLocal<Value> Get(Local<Context> context,
                                          ^
/Users/rachitsingh/Library/Caches/node-gyp/22.2.0/include/node/v8-object.h:298:43: note: candidate function not viable: requires 2 arguments, but 1 was provided
  V8_WARN_UNUSED_RESULT MaybeLocal<Value> Get(Local<Context> context,
                                          ^
In file included from ../ext/bson.cc:35:
../ext/bson.h:175:81: error: too few arguments to function call, single argument 'isolate' was not specified
        void    WriteBool(const Handle<Value>& value)                                   { WriteByte(value->BooleanValue() ? 1 : 0); }
                                                                                                    ~~~~~~~~~~~~~~~~~~~ ^
/Users/rachitsingh/Library/Caches/node-gyp/22.2.0/include/node/v8-value.h:437:8: note: 'BooleanValue' declared here
  bool BooleanValue(Isolate* isolate) const;
       ^
In file included from ../ext/bson.cc:35:
../ext/bson.h:176:81: error: too few arguments to function call, single argument 'context' was not specified
        void    WriteInt32(const Handle<Value>& value)                                  { WriteInt32(value->Int32Value());                      }
                                                                                                     ~~~~~~~~~~~~~~~~~ ^
/Users/rachitsingh/Library/Caches/node-gyp/22.2.0/include/node/v8-value.h:448:40: note: 'Int32Value' declared here
  V8_WARN_UNUSED_RESULT Maybe<int32_t> Int32Value(Local<Context> context) const;
                                       ^
In file included from ../ext/bson.cc:35:
../ext/bson.h:176:52: error: no matching member function for call to 'WriteInt32'
        void    WriteInt32(const Handle<Value>& value)                                  { WriteInt32(value->Int32Value());                      }
                                                                                          ^~~~~~~~~~
../ext/bson.h:167:7: note: candidate function not viable: no known conversion from 'Maybe<int32_t>' (aka 'Maybe<int>') to 'int32_t' (aka 'int') for 1st argument
        void    WriteInt32(int32_t value)                                                               { *reinterpret_cast<int32_t*>(p) = value; p += 4; }
                ^
../ext/bson.h:176:7: note: candidate function not viable: no known conversion from 'Maybe<int32_t>' (aka 'Maybe<int>') to 'const Handle<Value>' (aka 'const Local<v8::Value>') for 1st argument
        void    WriteInt32(const Handle<Value>& value)                                  { WriteInt32(value->Int32Value());                      }
                ^                                                                                    ~~~~~~~~~~~~~~~~~~~
../ext/bson.h:177:7: note: candidate function not viable: requires 2 arguments, but 1 was provided
        void    WriteInt32(const Handle<Object>& object, const Handle<String>& key) { WriteInt32(object->Get(key)); }
                ^
../ext/bson.h:177:96: error: no matching member function for call to 'Get'
        void    WriteInt32(const Handle<Object>& object, const Handle<String>& key) { WriteInt32(object->Get(key)); }
                                                                                                 ~~~~~~~~^~~
/Users/rachitsingh/Library/Caches/node-gyp/22.2.0/include/node/v8-object.h:295:43: note: candidate function not viable: requires 2 arguments, but 1 was provided
  V8_WARN_UNUSED_RESULT MaybeLocal<Value> Get(Local<Context> context,
                                          ^
/Users/rachitsingh/Library/Caches/node-gyp/22.2.0/include/node/v8-object.h:298:43: note: candidate function not viable: requires 2 arguments, but 1 was provided
  V8_WARN_UNUSED_RESULT MaybeLocal<Value> Get(Local<Context> context,
                                          ^
In file included from ../ext/bson.cc:35:
../ext/bson.h:178:83: error: too few arguments to function call, single argument 'context' was not specified
        void    WriteInt64(const Handle<Value>& value)                                  { WriteInt64(value->IntegerValue());            }
                                                                                                     ~~~~~~~~~~~~~~~~~~~ ^
/Users/rachitsingh/Library/Caches/node-gyp/22.2.0/include/node/v8-value.h:442:40: note: 'IntegerValue' declared here
  V8_WARN_UNUSED_RESULT Maybe<int64_t> IntegerValue(
                                       ^
In file included from ../ext/bson.cc:35:
../ext/bson.h:178:52: error: no matching member function for call to 'WriteInt64'
        void    WriteInt64(const Handle<Value>& value)                                  { WriteInt64(value->IntegerValue());            }
                                                                                          ^~~~~~~~~~
../ext/bson.h:168:7: note: candidate function not viable: no known conversion from 'Maybe<int64_t>' (aka 'Maybe<long long>') to 'int64_t' (aka 'long long') for 1st argument
        void    WriteInt64(int64_t value)                                                               { *reinterpret_cast<int64_t*>(p) = value; p += 8; }
                ^
../ext/bson.h:178:7: note: candidate function not viable: no known conversion from 'Maybe<int64_t>' (aka 'Maybe<long long>') to 'const Handle<Value>' (aka 'const Local<v8::Value>') for 1st argument
        void    WriteInt64(const Handle<Value>& value)                                  { WriteInt64(value->IntegerValue());            }
                ^                                                                                    ~~~~~~~~~~~~~~~~~~~~~
../ext/bson.h:179:84: error: too few arguments to function call, single argument 'context' was not specified
        void    WriteDouble(const Handle<Value>& value)                                 { WriteDouble(value->NumberValue());            }
                                                                                                      ~~~~~~~~~~~~~~~~~~ ^
/Users/rachitsingh/Library/Caches/node-gyp/22.2.0/include/node/v8-value.h:440:39: note: 'NumberValue' declared here
  V8_WARN_UNUSED_RESULT Maybe<double> NumberValue(Local<Context> context) const;
                                      ^
In file included from ../ext/bson.cc:35:
../ext/bson.h:179:53: error: no matching member function for call to 'WriteDouble'
        void    WriteDouble(const Handle<Value>& value)                                 { WriteDouble(value->NumberValue());            }
                                                                                          ^~~~~~~~~~~
../ext/bson.h:169:7: note: candidate function not viable: no known conversion from 'Maybe<double>' to 'double' for 1st argument
        void    WriteDouble(double value)                                                               { *reinterpret_cast<double*>(p) = value; p += 8; }
                ^
../ext/bson.h:179:7: note: candidate function not viable: no known conversion from 'Maybe<double>' to 'const Handle<Value>' (aka 'const Local<v8::Value>') for 1st argument
        void    WriteDouble(const Handle<Value>& value)                                 { WriteDouble(value->NumberValue());            }
                ^                                                                                     ~~~~~~~~~~~~~~~~~~~~
../ext/bson.h:180:7: note: candidate function not viable: requires 2 arguments, but 1 was provided
        void    WriteDouble(const Handle<Object>& object, const Handle<String>& key) { WriteDouble(object->Get(key)); }
                ^
../ext/bson.h:180:98: error: no matching member function for call to 'Get'
        void    WriteDouble(const Handle<Object>& object, const Handle<String>& key) { WriteDouble(object->Get(key)); }
                                                                                                   ~~~~~~~~^~~
/Users/rachitsingh/Library/Caches/node-gyp/22.2.0/include/node/v8-object.h:295:43: note: candidate function not viable: requires 2 arguments, but 1 was provided
  V8_WARN_UNUSED_RESULT MaybeLocal<Value> Get(Local<Context> context,
                                          ^
/Users/rachitsingh/Library/Caches/node-gyp/22.2.0/include/node/v8-object.h:298:43: note: candidate function not viable: requires 2 arguments, but 1 was provided
  V8_WARN_UNUSED_RESULT MaybeLocal<Value> Get(Local<Context> context,
                                          ^
In file included from ../ext/bson.cc:35:
../ext/bson.h:181:52: warning: 'sprintf' is deprecated: This function is provided for compatibility reasons only.  Due to security concerns inherent in the design of sprintf(3), it is highly recommended that you use snprintf(3) instead. [-Wdeprecated-declarations]
        void    WriteUInt32String(uint32_t name)                                                { p += sprintf(p, "%u", name) + 1;                      }
                                                                                                       ^
/Library/Developer/CommandLineTools/SDKs/MacOSX.sdk/usr/include/stdio.h:180:1: note: 'sprintf' has been explicitly marked deprecated here
__deprecated_msg("This function is provided for compatibility reasons only.  Due to security concerns inherent in the design of sprintf(3), it is highly recommended that you use snprintf(3) instead.")
^
/Library/Developer/CommandLineTools/SDKs/MacOSX.sdk/usr/include/sys/cdefs.h:218:48: note: expanded from macro '__deprecated_msg'
        #define __deprecated_msg(_msg) __attribute__((__deprecated__(_msg)))
                                                      ^
In file included from ../ext/bson.cc:35:
../ext/bson.h:182:92: error: too few arguments to function call, single argument 'isolate' was not specified
        void    WriteLengthPrefixedString(const Local<String>& value)   { WriteInt32(value->Utf8Length()+1); WriteString(value); }
                                                                                     ~~~~~~~~~~~~~~~~~ ^
/Users/rachitsingh/Library/Caches/node-gyp/22.2.0/include/node/v8-primitive.h:143:7: note: 'Utf8Length' declared here
  int Utf8Length(Isolate* isolate) const;
      ^
fatal error: too many errors emitted, stopping now [-ferror-limit=]
2 warnings and 20 errors generated.
make: *** [Release/obj.target/bson/ext/bson.o] Error 1
gyp ERR! build error 
gyp ERR! stack Error: `make` failed with exit code: 2
gyp ERR! stack at ChildProcess.<anonymous> (/opt/homebrew/lib/node_modules/npm/node_modules/node-gyp/lib/build.js:209:23)
gyp ERR! System Darwin 23.5.0
gyp ERR! command "/opt/homebrew/Cellar/node/22.2.0/bin/node" "/opt/homebrew/lib/node_modules/npm/node_modules/node-gyp/bin/node-gyp.js" "rebuild"
gyp ERR! cwd /Users/rachitsingh/Documents/Node/RestfullAPI/node_modules/mongo-client/node_modules/bson
gyp ERR! node -v v22.2.0
gyp ERR! node-gyp -v v10.1.0
gyp ERR! not ok 
